Сборка начата 24.10.2016 12:57:22.
     1>Проект "E:\3семестр\laba#7\Laba7\Laba7\Laba7.vcxproj" в узле 2 (целевые объекты Build).
     1>ClCompile:
         C:\Program Files (x86)\Microsoft Visual Studio 12.0\VC\bin\CL.exe /c /ZI /nologo /W3 /WX- /Od /Oy- /D WIN32 /D _DEBUG /D _CONSOLE /D _LIB /D _UNICODE /D UNICODE /Gm /EHsc /RTC1 /MDd /GS /fp:precise /Zc:wchar_t /Zc:forScope /Yu"stdafx.h" /Fp"Debug\Laba7.pch" /Fo"Debug\\" /Fd"Debug\vc120.pdb" /Gd /TP /analyze- /errorReport:prompt Laba7.cpp
         Laba7.cpp
     1>e:\3семестр\laba#7\laba7\laba7\template.h(32): warning C4244: =: преобразование "double" в "int", возможна потеря данных
                 e:\3семестр\laba#7\laba7\laba7\template.h(31): при компиляции функции-члена "Vector<int>::Vector(X,X)" класса шаблон
                 with
                 [
                     X=int
                 ]
                 e:\3семестр\laba#7\laba7\laba7\laba7.cpp(22): см. ссылку на создание экземпляров функции шаблон при компиляции "Vector<int>::Vector(X,X)"
                 with
                 [
                     X=int
                 ]
                 e:\3семестр\laba#7\laba7\laba7\laba7.cpp(22): см. ссылку на создание экземпляров класса шаблон при компиляции "Vector<int>"
       Link:
         C:\Program Files (x86)\Microsoft Visual Studio 12.0\VC\bin\link.exe /ERRORREPORT:PROMPT /OUT:"E:\3семестр\laba#7\Laba7\Debug\Laba7.exe" /INCREMENTAL /NOLOGO kernel32.lib user32.lib gdi32.lib winspool.lib comdlg32.lib advapi32.lib shell32.lib ole32.lib oleaut32.lib uuid.lib odbc32.lib odbccp32.lib /MANIFEST /MANIFESTUAC:"level='asInvoker' uiAccess='false'" /manifest:embed /DEBUG /PDB:"E:\3семестр\laba#7\Laba7\Debug\Laba7.pdb" /SUBSYSTEM:CONSOLE /TLBID:1 /DYNAMICBASE /NXCOMPAT /IMPLIB:"E:\3семестр\laba#7\Laba7\Debug\Laba7.lib" /MACHINE:X86 Debug\Laba7.obj
         Debug\stdafx.obj
         Debug\TemplateMethods.obj
         Laba7.vcxproj -> E:\3семестр\laba#7\Laba7\Debug\Laba7.exe
     1>Сборка проекта "E:\3семестр\laba#7\Laba7\Laba7\Laba7.vcxproj" завершена (целевые объекты Build).

Сборка успешно завершена.

Затраченное время: 00:00:01.48
